{"uuid":"d1f18a6c-e4be-4924-9d78-08afd996ca46","historyId":"124f7a7d15e2eb1c1980d9db7c065ee9","testCaseId":"[engine:junit-jupiter]/[class:tests.ContactModificationTests]/[method:ContactModificationAddInGroup()]","testCaseName":"ContactModificationAddInGroup()","fullName":"tests.ContactModificationTests.ContactModificationAddInGroup","labels":[{"name":"junit.platform.uniqueid","value":"[engine:junit-jupiter]/[class:tests.ContactModificationTests]/[method:ContactModificationAddInGroup()]"},{"name":"host","value":"DESKTOP-4R3CNMS"},{"name":"thread","value":"1156@DESKTOP-4R3CNMS.Test worker(1)"},{"name":"framework","value":"junit-platform"},{"name":"language","value":"java"},{"name":"package","value":"tests.ContactModificationTests"},{"name":"testClass","value":"tests.ContactModificationTests"},{"name":"testMethod","value":"ContactModificationAddInGroup"},{"name":"suite","value":"tests.ContactModificationTests"}],"links":[],"name":"ContactModificationAddInGroup()","status":"broken","statusDetails":{"known":false,"muted":false,"flaky":false,"message":"File not found: C:\\Users\\dmkru\\software-testing\\java_for_testers\\java_for_testers\\addressbook-web-tests\nBuild info: version: '4.25.0', revision: '8a8aea2337'\nSystem info: os.name: 'Windows 10', os.arch: 'amd64', os.version: '10.0', java.version: '17.0.12'\nDriver info: org.openqa.selenium.firefox.FirefoxDriver\nCommand: [66dc7132-1c06-4267-b41b-20d8f1b50919, sendKeysToElement {value=[Ljava.lang.CharSequence;@7c76d466, id=355bf218-1c43-49a5-a829-6ef046fea25c}]\nCapabilities {acceptInsecureCerts: true, browserName: firefox, browserVersion: 133.0.3, moz:accessibilityChecks: false, moz:buildID: 20241209150345, moz:debuggerAddress: 127.0.0.1:32327, moz:geckodriverVersion: 0.35.0, moz:headless: false, moz:platformVersion: 10.0, moz:processID: 4000, moz:profile: C:\\Users\\dmkru\\AppData\\Loca..., moz:shutdownTimeout: 60000, moz:webdriverClick: true, moz:windowless: false, pageLoadStrategy: normal, platformName: windows, proxy: Proxy(), se:cdp: ws://127.0.0.1:32327/devtoo..., se:cdpVersion: 85.0, setWindowRect: true, strictFileInteractability: false, timeouts: {implicit: 0, pageLoad: 300000, script: 30000}, unhandledPromptBehavior: dismiss and notify, userAgent: Mozilla/5.0 (Windows NT 10....}\nElement: [[FirefoxDriver: firefox on windows (66dc7132-1c06-4267-b41b-20d8f1b50919)] -> name: photo]\nSession ID: 66dc7132-1c06-4267-b41b-20d8f1b50919","trace":"org.openqa.selenium.InvalidArgumentException: File not found: C:\\Users\\dmkru\\software-testing\\java_for_testers\\java_for_testers\\addressbook-web-tests\nBuild info: version: '4.25.0', revision: '8a8aea2337'\nSystem info: os.name: 'Windows 10', os.arch: 'amd64', os.version: '10.0', java.version: '17.0.12'\nDriver info: org.openqa.selenium.firefox.FirefoxDriver\nCommand: [66dc7132-1c06-4267-b41b-20d8f1b50919, sendKeysToElement {value=[Ljava.lang.CharSequence;@7c76d466, id=355bf218-1c43-49a5-a829-6ef046fea25c}]\nCapabilities {acceptInsecureCerts: true, browserName: firefox, browserVersion: 133.0.3, moz:accessibilityChecks: false, moz:buildID: 20241209150345, moz:debuggerAddress: 127.0.0.1:32327, moz:geckodriverVersion: 0.35.0, moz:headless: false, moz:platformVersion: 10.0, moz:processID: 4000, moz:profile: C:\\Users\\dmkru\\AppData\\Loca..., moz:shutdownTimeout: 60000, moz:webdriverClick: true, moz:windowless: false, pageLoadStrategy: normal, platformName: windows, proxy: Proxy(), se:cdp: ws://127.0.0.1:32327/devtoo..., se:cdpVersion: 85.0, setWindowRect: true, strictFileInteractability: false, timeouts: {implicit: 0, pageLoad: 300000, script: 30000}, unhandledPromptBehavior: dismiss and notify, userAgent: Mozilla/5.0 (Windows NT 10....}\nElement: [[FirefoxDriver: firefox on windows (66dc7132-1c06-4267-b41b-20d8f1b50919)] -> name: photo]\nSession ID: 66dc7132-1c06-4267-b41b-20d8f1b50919\r\n\tat java.base/jdk.internal.reflect.NativeConstructorAccessorImpl.newInstance0(Native Method)\r\n\tat java.base/jdk.internal.reflect.NativeConstructorAccessorImpl.newInstance(NativeConstructorAccessorImpl.java:77)\r\n\tat java.base/jdk.internal.reflect.DelegatingConstructorAccessorImpl.newInstance(DelegatingConstructorAccessorImpl.java:45)\r\n\tat java.base/java.lang.reflect.Constructor.newInstanceWithCaller(Constructor.java:500)\r\n\tat java.base/java.lang.reflect.Constructor.newInstance(Constructor.java:481)\r\n\tat org.openqa.selenium.remote.ErrorCodec.decode(ErrorCodec.java:167)\r\n\tat org.openqa.selenium.remote.codec.w3c.W3CHttpResponseCodec.decode(W3CHttpResponseCodec.java:138)\r\n\tat org.openqa.selenium.remote.codec.w3c.W3CHttpResponseCodec.decode(W3CHttpResponseCodec.java:50)\r\n\tat org.openqa.selenium.remote.HttpCommandExecutor.execute(HttpCommandExecutor.java:190)\r\n\tat org.openqa.selenium.remote.service.DriverCommandExecutor.invokeExecute(DriverCommandExecutor.java:216)\r\n\tat org.openqa.selenium.remote.service.DriverCommandExecutor.execute(DriverCommandExecutor.java:174)\r\n\tat org.openqa.selenium.remote.RemoteWebDriver.execute(RemoteWebDriver.java:545)\r\n\tat org.openqa.selenium.remote.RemoteWebElement.execute(RemoteWebElement.java:223)\r\n\tat org.openqa.selenium.remote.RemoteWebElement.sendKeys(RemoteWebElement.java:110)\r\n\tat manager.HelperBase.attach(HelperBase.java:25)\r\n\tat manager.ContactHelper.fillContactForm(ContactHelper.java:123)\r\n\tat manager.ContactHelper.createContact(ContactHelper.java:23)\r\n\tat tests.ContactModificationTests.ContactModificationAddInGroup(ContactModificationTests.java:49)\r\n\tat java.base/java.lang.reflect.Method.invoke(Method.java:569)\r\n\tat java.base/java.util.ArrayList.forEach(ArrayList.java:1511)\r\n\tat java.base/java.util.ArrayList.forEach(ArrayList.java:1511)\r\n\tSuppressed: java.lang.IllegalStateException: DB is corrupted\r\n\t\tat manager.JdbcHelper.checkConsistency(JdbcHelper.java:40)\r\n\t\tat tests.TestBase.checkDatabaseConsistency(TestBase.java:28)\r\n\t\t... 3 more\r\n"},"stage":"finished","description":"","steps":[],"attachments":[],"parameters":[],"start":1734192730683,"stop":1734192758220}